Performing C++ SOURCE FILE Test CMAKE_HAVE_LIBC_PTHREAD failed with the following output:
Change Dir: /home/operador/Documents/multicamera_broadcaster/ImageProcessor/build/CMakeFiles/CMakeTmp

Run Build Command(s):/usr/bin/gmake cmTC_fea23/fast && /usr/bin/gmake -f CMakeFiles/cmTC_fea23.dir/build.make CMakeFiles/cmTC_fea23.dir/build
gmake[1]: Entering directory '/home/operador/Documents/multicamera_broadcaster/ImageProcessor/build/CMakeFiles/CMakeTmp'
Building CXX object CMakeFiles/cmTC_fea23.dir/src.cxx.o
/usr/bin/c++    -DCMAKE_HAVE_LIBC_PTHREAD   -o CMakeFiles/cmTC_fea23.dir/src.cxx.o -c /home/operador/Documents/multicamera_broadcaster/ImageProcessor/build/CMakeFiles/CMakeTmp/src.cxx
Linking CXX executable cmTC_fea23
/usr/bin/cmake -E cmake_link_script CMakeFiles/cmTC_fea23.dir/link.txt --verbose=1
/usr/bin/c++   -DCMAKE_HAVE_LIBC_PTHREAD    CMakeFiles/cmTC_fea23.dir/src.cxx.o  -o cmTC_fea23 
/usr/bin/ld: CMakeFiles/cmTC_fea23.dir/src.cxx.o: in function `main':
src.cxx:(.text+0x48): undefined reference to `pthread_create'
/usr/bin/ld: src.cxx:(.text+0x50): undefined reference to `pthread_detach'
/usr/bin/ld: src.cxx:(.text+0x5c): undefined reference to `pthread_join'
collect2: error: ld returned 1 exit status
gmake[1]: *** [CMakeFiles/cmTC_fea23.dir/build.make:87: cmTC_fea23] Error 1
gmake[1]: Leaving directory '/home/operador/Documents/multicamera_broadcaster/ImageProcessor/build/CMakeFiles/CMakeTmp'
gmake: *** [Makefile:121: cmTC_fea23/fast] Error 2


Source file was:
#include <pthread.h>

void* test_func(void* data)
{
  return data;
}

int main(void)
{
  pthread_t thread;
  pthread_create(&thread, NULL, test_func, NULL);
  pthread_detach(thread);
  pthread_join(thread, NULL);
  pthread_atfork(NULL, NULL, NULL);
  pthread_exit(NULL);

  return 0;
}

Determining if the function pthread_create exists in the pthreads failed with the following output:
Change Dir: /home/operador/Documents/multicamera_broadcaster/ImageProcessor/build/CMakeFiles/CMakeTmp

Run Build Command(s):/usr/bin/gmake cmTC_a08eb/fast && /usr/bin/gmake -f CMakeFiles/cmTC_a08eb.dir/build.make CMakeFiles/cmTC_a08eb.dir/build
gmake[1]: Entering directory '/home/operador/Documents/multicamera_broadcaster/ImageProcessor/build/CMakeFiles/CMakeTmp'
Building CXX object CMakeFiles/cmTC_a08eb.dir/CheckFunctionExists.cxx.o
/usr/bin/c++    -DCHECK_FUNCTION_EXISTS=pthread_create   -o CMakeFiles/cmTC_a08eb.dir/CheckFunctionExists.cxx.o -c /home/operador/Documents/multicamera_broadcaster/ImageProcessor/build/CMakeFiles/CheckLibraryExists/CheckFunctionExists.cxx
Linking CXX executable cmTC_a08eb
/usr/bin/cmake -E cmake_link_script CMakeFiles/cmTC_a08eb.dir/link.txt --verbose=1
/usr/bin/c++   -DCHECK_FUNCTION_EXISTS=pthread_create    CMakeFiles/cmTC_a08eb.dir/CheckFunctionExists.cxx.o  -o cmTC_a08eb  -lpthreads 
/usr/bin/ld: cannot find -lpthreads
collect2: error: ld returned 1 exit status
gmake[1]: *** [CMakeFiles/cmTC_a08eb.dir/build.make:87: cmTC_a08eb] Error 1
gmake[1]: Leaving directory '/home/operador/Documents/multicamera_broadcaster/ImageProcessor/build/CMakeFiles/CMakeTmp'
gmake: *** [Makefile:121: cmTC_a08eb/fast] Error 2



